Test	Duration	Traits	Error Message
Project: Walmart.FelGTSoft2000.Mvc.Tests Failed (4)	183 ms		
Namespace: Walmart.FelGTSoft2000.Mvc.Tests Failed (4)	183 ms		
Class: CaiControllerTest Failed (1)	4 ms		
CaiView_Get_Test Failed	4 ms		Test method Walmart.FelGTSoft2000.Mvc.Tests.CaiControllerTest.CaiView_Get_Test threw exception:  System.InvalidOperationException: Previous method 'HttpContextBase.get_Request();' requires a return value or an exception to throw.
Class: DocumentDetailsControllerTest Failed (1)	85 ms		
Index_Get_Test Failed	85 ms		Test method Walmart.FelGTSoft2000.Mvc.Tests.DocumentDetailsControllerTest.Index_Get_Test threw exception:  System.InvalidOperationException: Previous method 'HttpContextBase.get_Request();' requires a return value or an exception to throw.
Class: ProductsControllerTest Failed (1)	91 ms		
GetProductPaged_WithFilter_Test Failed	91 ms		Test method Walmart.FelGTSoft2000.Mvc.Tests.ProductsControllerTest.GetProductPaged_WithFilter_Test threw exception:  System.NullReferenceException: Object reference not set to an instance of an object.
Class: SftpFileTransferControllerTest Failed (1)	3 ms		
UploadFile_Get_Test Failed	3 ms		Test method Walmart.FelGTSoft2000.Mvc.Tests.SftpFileTransferControllerTest.UploadFile_Get_Test threw exception:  System.InvalidOperationException: Previous method 'HttpContextBase.get_Request();' requires a return value or an exception to throw.
